{
  "numFailedTestSuites": 0,
  "numFailedTests": 0,
  "numPassedTestSuites": 37,
  "numPassedTests": 96,
  "numPendingTestSuites": 0,
  "numPendingTests": 0,
  "numRuntimeErrorTestSuites": 0,
  "numTodoTests": 0,
  "numTotalTestSuites": 37,
  "numTotalTests": 96,
  "openHandles": [],
  "snapshot": {
    "added": 0,
    "didUpdate": false,
    "failure": false,
    "filesAdded": 0,
    "filesRemoved": 0,
    "filesRemovedList": [],
    "filesUnmatched": 0,
    "filesUpdated": 0,
    "matched": 0,
    "total": 0,
    "unchecked": 0,
    "uncheckedKeysByFile": [],
    "unmatched": 0,
    "updated": 0
  },
  "startTime": 1662586803575,
  "success": true,
  "testResults": [
    {
      "assertionResults": [
        {
          "ancestorTitles": ["Avatar"],
          "duration": 69,
          "failureMessages": [],
          "fullName": "Avatar a11y",
          "location": null,
          "status": "passed",
          "title": "a11y"
        },
        {
          "ancestorTitles": ["Avatar"],
          "duration": 9,
          "failureMessages": [],
          "fullName": "Avatar should generate a random svg",
          "location": null,
          "status": "passed",
          "title": "should generate a random svg"
        },
        {
          "ancestorTitles": ["Avatar"],
          "duration": 3,
          "failureMessages": [],
          "fullName": "Avatar should generate a random svg with random background color",
          "location": null,
          "status": "passed",
          "title": "should generate a random svg with random background color"
        },
        {
          "ancestorTitles": ["Avatar"],
          "duration": 3,
          "failureMessages": [],
          "fullName": "Avatar should generate a random svg with fuel background color",
          "location": null,
          "status": "passed",
          "title": "should generate a random svg with fuel background color"
        },
        {
          "ancestorTitles": ["Avatar"],
          "duration": 2,
          "failureMessages": [],
          "fullName": "Avatar should generate a random svg with fixed background color",
          "location": null,
          "status": "passed",
          "title": "should generate a random svg with fixed background color"
        }
      ],
      "endTime": 1662586814780,
      "message": "",
      "name": "/Users/mattauer/src/fuel-ui/design-system/react/src/components/Avatar/AvatarGenerated.test.tsx",
      "startTime": 1662586804084,
      "status": "passed",
      "summary": ""
    },
    {
      "assertionResults": [
        {
          "ancestorTitles": ["Menu"],
          "duration": 149,
          "failureMessages": [],
          "fullName": "Menu a11y",
          "location": null,
          "status": "passed",
          "title": "a11y"
        },
        {
          "ancestorTitles": ["Menu"],
          "duration": 9,
          "failureMessages": [],
          "fullName": "Menu should be focused when use autoFocus",
          "location": null,
          "status": "passed",
          "title": "should be focused when use autoFocus"
        },
        {
          "ancestorTitles": ["Menu"],
          "duration": 129,
          "failureMessages": [],
          "fullName": "Menu should dispatch onAction using keyboard command",
          "location": null,
          "status": "passed",
          "title": "should dispatch onAction using keyboard command"
        },
        {
          "ancestorTitles": ["Menu"],
          "duration": 244,
          "failureMessages": [],
          "fullName": "Menu should navigate using arrows keys",
          "location": null,
          "status": "passed",
          "title": "should navigate using arrows keys"
        },
        {
          "ancestorTitles": ["Menu"],
          "duration": 289,
          "failureMessages": [],
          "fullName": "Menu should not be able to trigger action on disabled keys",
          "location": null,
          "status": "passed",
          "title": "should not be able to trigger action on disabled keys"
        }
      ],
      "endTime": 1662586815399,
      "message": "",
      "name": "/Users/mattauer/src/fuel-ui/design-system/react/src/components/Menu/Menu.test.tsx",
      "startTime": 1662586804139,
      "status": "passed",
      "summary": ""
    },
    {
      "assertionResults": [
        {
          "ancestorTitles": ["Form"],
          "duration": 126,
          "failureMessages": [],
          "fullName": "Form a11y",
          "location": null,
          "status": "passed",
          "title": "a11y"
        },
        {
          "ancestorTitles": ["Form"],
          "duration": 7,
          "failureMessages": [],
          "fullName": "Form should input have aria-describedby by label first",
          "location": null,
          "status": "passed",
          "title": "should input have aria-describedby by label first"
        },
        {
          "ancestorTitles": ["Form"],
          "duration": 6,
          "failureMessages": [],
          "fullName": "Form should input have aria-describedby by helper message if present",
          "location": null,
          "status": "passed",
          "title": "should input have aria-describedby by helper message if present"
        },
        {
          "ancestorTitles": ["Form"],
          "duration": 17,
          "failureMessages": [],
          "fullName": "Form should input have aria-describedby by error message if invalid",
          "location": null,
          "status": "passed",
          "title": "should input have aria-describedby by error message if invalid"
        },
        {
          "ancestorTitles": ["Form"],
          "duration": 18,
          "failureMessages": [],
          "fullName": "Form should input have props derived from form control state",
          "location": null,
          "status": "passed",
          "title": "should input have props derived from form control state"
        },
        {
          "ancestorTitles": ["Form"],
          "duration": 16,
          "failureMessages": [],
          "fullName": "Form should helper text be hidden if invalid",
          "location": null,
          "status": "passed",
          "title": "should helper text be hidden if invalid"
        },
        {
          "ancestorTitles": ["Form"],
          "duration": 3,
          "failureMessages": [],
          "fullName": "Form should error message be hidden if not invalid",
          "location": null,
          "status": "passed",
          "title": "should error message be hidden if not invalid"
        }
      ],
      "endTime": 1662586816256,
      "message": "",
      "name": "/Users/mattauer/src/fuel-ui/design-system/react/src/components/Form/Form.test.tsx",
      "startTime": 1662586804110,
      "status": "passed",
      "summary": ""
    },
    {
      "assertionResults": [
        {
          "ancestorTitles": ["Input"],
          "duration": 128,
          "failureMessages": [],
          "fullName": "Input a11y",
          "location": null,
          "status": "passed",
          "title": "a11y"
        },
        {
          "ancestorTitles": ["Input"],
          "duration": 7,
          "failureMessages": [],
          "fullName": "Input should render an input field correctly",
          "location": null,
          "status": "passed",
          "title": "should render an input field correctly"
        },
        {
          "ancestorTitles": ["Input"],
          "duration": 6,
          "failureMessages": [],
          "fullName": "Input should render addons correctly",
          "location": null,
          "status": "passed",
          "title": "should render addons correctly"
        },
        {
          "ancestorTitles": ["Input"],
          "duration": 5,
          "failureMessages": [],
          "fullName": "Input should render invalid input correctly",
          "location": null,
          "status": "passed",
          "title": "should render invalid input correctly"
        },
        {
          "ancestorTitles": ["Input"],
          "duration": 4,
          "failureMessages": [],
          "fullName": "Input should render disabled input correctly",
          "location": null,
          "status": "passed",
          "title": "should render disabled input correctly"
        },
        {
          "ancestorTitles": ["Input"],
          "duration": 6,
          "failureMessages": [],
          "fullName": "Input should render readonly input correctly",
          "location": null,
          "status": "passed",
          "title": "should render readonly input correctly"
        },
        {
          "ancestorTitles": ["Input"],
          "duration": 10,
          "failureMessages": [],
          "fullName": "Input should render input amount correctly",
          "location": null,
          "status": "passed",
          "title": "should render input amount correctly"
        },
        {
          "ancestorTitles": ["Input"],
          "duration": 16,
          "failureMessages": [],
          "fullName": "Input should render elements using element prop",
          "location": null,
          "status": "passed",
          "title": "should render elements using element prop"
        },
        {
          "ancestorTitles": ["Input"],
          "duration": 5,
          "failureMessages": [],
          "fullName": "Input should don't call elements if disabled",
          "location": null,
          "status": "passed",
          "title": "should don't call elements if disabled"
        },
        {
          "ancestorTitles": ["Input"],
          "duration": 4,
          "failureMessages": [],
          "fullName": "Input should don't call elements if readonly",
          "location": null,
          "status": "passed",
          "title": "should don't call elements if readonly"
        },
        {
          "ancestorTitles": ["Input"],
          "duration": 96,
          "failureMessages": [],
          "fullName": "Input should focus correctly when have button inside element",
          "location": null,
          "status": "passed",
          "title": "should focus correctly when have button inside element"
        }
      ],
      "endTime": 1662586816334,
      "message": "",
      "name": "/Users/mattauer/src/fuel-ui/design-system/react/src/components/Input/Input.test.tsx",
      "startTime": 1662586804116,
      "status": "passed",
      "summary": ""
    },
    {
      "assertionResults": [
        {
          "ancestorTitles": ["Tag"],
          "duration": 113,
          "failureMessages": [],
          "fullName": "Tag a11y",
          "location": null,
          "status": "passed",
          "title": "a11y"
        },
        {
          "ancestorTitles": ["Tag"],
          "duration": 3,
          "failureMessages": [],
          "fullName": "Tag should render a basic tag",
          "location": null,
          "status": "passed",
          "title": "should render a basic tag"
        },
        {
          "ancestorTitles": ["Tag"],
          "duration": 28,
          "failureMessages": [],
          "fullName": "Tag should render with an icon on left",
          "location": null,
          "status": "passed",
          "title": "should render with an icon on left"
        },
        {
          "ancestorTitles": ["Tag"],
          "duration": 4,
          "failureMessages": [],
          "fullName": "Tag should render with an icon on right",
          "location": null,
          "status": "passed",
          "title": "should render with an icon on right"
        },
        {
          "ancestorTitles": ["Tag"],
          "duration": 24,
          "failureMessages": [],
          "fullName": "Tag should render with a close button",
          "location": null,
          "status": "passed",
          "title": "should render with a close button"
        },
        {
          "ancestorTitles": ["Tag"],
          "duration": 34,
          "failureMessages": [],
          "fullName": "Tag should not render a right icon if has a close button",
          "location": null,
          "status": "passed",
          "title": "should not render a right icon if has a close button"
        },
        {
          "ancestorTitles": ["Tag"],
          "duration": 67,
          "failureMessages": [],
          "fullName": "Tag should focus on button close on tab",
          "location": null,
          "status": "passed",
          "title": "should focus on button close on tab"
        }
      ],
      "endTime": 1662586816534,
      "message": "",
      "name": "/Users/mattauer/src/fuel-ui/design-system/react/src/components/Tag/Tag.test.tsx",
      "startTime": 1662586804103,
      "status": "passed",
      "summary": ""
    },
    {
      "assertionResults": [
        {
          "ancestorTitles": ["Avatar"],
          "duration": 63,
          "failureMessages": [],
          "fullName": "Avatar a11y",
          "location": null,
          "status": "passed",
          "title": "a11y"
        },
        {
          "ancestorTitles": ["Avatar"],
          "duration": 4,
          "failureMessages": [],
          "fullName": "Avatar should render the fallback initially with first with letters of name",
          "location": null,
          "status": "passed",
          "title": "should render the fallback initially with first with letters of name"
        },
        {
          "ancestorTitles": ["Avatar"],
          "duration": 3,
          "failureMessages": [],
          "fullName": "Avatar should fallback text has just one letter if name is one word",
          "location": null,
          "status": "passed",
          "title": "should fallback text has just one letter if name is one word"
        },
        {
          "ancestorTitles": ["Avatar"],
          "duration": 22,
          "failureMessages": [],
          "fullName": "Avatar should not render the image initially",
          "location": null,
          "status": "passed",
          "title": "should not render the image initially"
        },
        {
          "ancestorTitles": ["Avatar"],
          "duration": 111,
          "failureMessages": [],
          "fullName": "Avatar should render the image after it has loaded",
          "location": null,
          "status": "passed",
          "title": "should render the image after it has loaded"
        },
        {
          "ancestorTitles": ["Avatar"],
          "duration": 108,
          "failureMessages": [],
          "fullName": "Avatar should have alt text on the image",
          "location": null,
          "status": "passed",
          "title": "should have alt text on the image"
        }
      ],
      "endTime": 1662586816699,
      "message": "",
      "name": "/Users/mattauer/src/fuel-ui/design-system/react/src/components/Avatar/Avatar.test.tsx",
      "startTime": 1662586815431,
      "status": "passed",
      "summary": ""
    },
    {
      "assertionResults": [
        {
          "ancestorTitles": ["Button"],
          "duration": 64,
          "failureMessages": [],
          "fullName": "Button a11y",
          "location": null,
          "status": "passed",
          "title": "a11y"
        },
        {
          "ancestorTitles": ["Button"],
          "duration": 43,
          "failureMessages": [],
          "fullName": "Button should focus when tab",
          "location": null,
          "status": "passed",
          "title": "should focus when tab"
        },
        {
          "ancestorTitles": ["Button"],
          "duration": 157,
          "failureMessages": [],
          "fullName": "Button should click when space",
          "location": null,
          "status": "passed",
          "title": "should click when space"
        },
        {
          "ancestorTitles": ["Button"],
          "duration": 9,
          "failureMessages": [],
          "fullName": "Button should render a button element",
          "location": null,
          "status": "passed",
          "title": "should render a button element"
        },
        {
          "ancestorTitles": ["Button"],
          "duration": 13,
          "failureMessages": [],
          "fullName": "Button should have right disabled attributes",
          "location": null,
          "status": "passed",
          "title": "should have right disabled attributes"
        },
        {
          "ancestorTitles": ["Button"],
          "duration": 8,
          "failureMessages": [],
          "fullName": "Button should render with an icon on left",
          "location": null,
          "status": "passed",
          "title": "should render with an icon on left"
        },
        {
          "ancestorTitles": ["Button"],
          "duration": 8,
          "failureMessages": [],
          "fullName": "Button should render with an icon on right",
          "location": null,
          "status": "passed",
          "title": "should render with an icon on right"
        }
      ],
      "endTime": 1662586816816,
      "message": "",
      "name": "/Users/mattauer/src/fuel-ui/design-system/react/src/components/Button/Button.test.tsx",
      "startTime": 1662586814800,
      "status": "passed",
      "summary": ""
    },
    {
      "assertionResults": [
        {
          "ancestorTitles": ["Focus"],
          "duration": 184,
          "failureMessages": [],
          "fullName": "Focus a11y",
          "location": null,
          "status": "passed",
          "title": "a11y"
        },
        {
          "ancestorTitles": ["Focus"],
          "duration": 413,
          "failureMessages": [],
          "fullName": "Focus should have focus navigation usings arrows with a single children",
          "location": null,
          "status": "passed",
          "title": "should have focus navigation usings arrows with a single children"
        },
        {
          "ancestorTitles": ["Focus"],
          "duration": 374,
          "failureMessages": [],
          "fullName": "Focus should have focus navigation usings arrows with multiple children",
          "location": null,
          "status": "passed",
          "title": "should have focus navigation usings arrows with multiple children"
        }
      ],
      "endTime": 1662586817038,
      "message": "",
      "name": "/Users/mattauer/src/fuel-ui/design-system/react/src/components/Focus/Focus.test.tsx",
      "startTime": 1662586804084,
      "status": "passed",
      "summary": ""
    },
    {
      "assertionResults": [
        {
          "ancestorTitles": ["Box"],
          "duration": 71,
          "failureMessages": [],
          "fullName": "Box a11y",
          "location": null,
          "status": "passed",
          "title": "a11y"
        },
        {
          "ancestorTitles": ["Box"],
          "duration": 3,
          "failureMessages": [],
          "fullName": "Box should render a basic div",
          "location": null,
          "status": "passed",
          "title": "should render a basic div"
        },
        {
          "ancestorTitles": ["Box"],
          "duration": 15,
          "failureMessages": [],
          "fullName": "Box should change element with as prop",
          "location": null,
          "status": "passed",
          "title": "should change element with as prop"
        }
      ],
      "endTime": 1662586817827,
      "message": "",
      "name": "/Users/mattauer/src/fuel-ui/design-system/react/src/components/Box/Box.test.tsx",
      "startTime": 1662586816709,
      "status": "passed",
      "summary": ""
    },
    {
      "assertionResults": [
        {
          "ancestorTitles": ["Heading"],
          "duration": 78,
          "failureMessages": [],
          "fullName": "Heading a11y",
          "location": null,
          "status": "passed",
          "title": "a11y"
        },
        {
          "ancestorTitles": ["Heading"],
          "duration": 21,
          "failureMessages": [],
          "fullName": "Heading should render a heading element",
          "location": null,
          "status": "passed",
          "title": "should render a heading element"
        },
        {
          "ancestorTitles": ["Heading"],
          "duration": 8,
          "failureMessages": [],
          "fullName": "Heading should change heading element using as",
          "location": null,
          "status": "passed",
          "title": "should change heading element using as"
        }
      ],
      "endTime": 1662586818391,
      "message": "",
      "name": "/Users/mattauer/src/fuel-ui/design-system/react/src/components/Heading/Heading.test.tsx",
      "startTime": 1662586816828,
      "status": "passed",
      "summary": ""
    },
    {
      "assertionResults": [
        {
          "ancestorTitles": ["Link"],
          "duration": 55,
          "failureMessages": [],
          "fullName": "Link a11y",
          "location": null,
          "status": "passed",
          "title": "a11y"
        },
        {
          "ancestorTitles": ["Link"],
          "duration": 4,
          "failureMessages": [],
          "fullName": "Link should render a basic link component",
          "location": null,
          "status": "passed",
          "title": "should render a basic link component"
        },
        {
          "ancestorTitles": ["Link"],
          "duration": 8,
          "failureMessages": [],
          "fullName": "Link should add an external icon when isExternal prop is passed",
          "location": null,
          "status": "passed",
          "title": "should add an external icon when isExternal prop is passed"
        }
      ],
      "endTime": 1662586818662,
      "message": "",
      "name": "/Users/mattauer/src/fuel-ui/design-system/react/src/components/Link/Link.test.tsx",
      "startTime": 1662586816549,
      "status": "passed",
      "summary": ""
    },
    {
      "assertionResults": [
        {
          "ancestorTitles": ["AlertDialog"],
          "duration": 93,
          "failureMessages": [],
          "fullName": "AlertDialog a11y",
          "location": null,
          "status": "passed",
          "title": "a11y"
        }
      ],
      "endTime": 1662586818832,
      "message": "",
      "name": "/Users/mattauer/src/fuel-ui/design-system/react/src/components/AlertDialog/AlertDialog.test.tsx",
      "startTime": 1662586816284,
      "status": "passed",
      "summary": ""
    },
    {
      "assertionResults": [
        {
          "ancestorTitles": ["RadioGroup"],
          "duration": 207,
          "failureMessages": [],
          "fullName": "RadioGroup a11y",
          "location": null,
          "status": "passed",
          "title": "a11y"
        },
        {
          "ancestorTitles": ["RadioGroup"],
          "duration": 286,
          "failureMessages": [],
          "fullName": "RadioGroup should focus correctly",
          "location": null,
          "status": "passed",
          "title": "should focus correctly"
        }
      ],
      "endTime": 1662586819313,
      "message": "",
      "name": "/Users/mattauer/src/fuel-ui/design-system/react/src/components/RadioGroup/RadioGroup.test.tsx",
      "startTime": 1662586816372,
      "status": "passed",
      "summary": ""
    },
    {
      "assertionResults": [
        {
          "ancestorTitles": ["Dialog"],
          "duration": 67,
          "failureMessages": [],
          "fullName": "Dialog a11y",
          "location": null,
          "status": "passed",
          "title": "a11y"
        }
      ],
      "endTime": 1662586819334,
      "message": "",
      "name": "/Users/mattauer/src/fuel-ui/design-system/react/src/components/Dialog/Dialog.test.tsx",
      "startTime": 1662586817058,
      "status": "passed",
      "summary": ""
    },
    {
      "assertionResults": [
        {
          "ancestorTitles": ["Badge"],
          "duration": 63,
          "failureMessages": [],
          "fullName": "Badge a11y",
          "location": null,
          "status": "passed",
          "title": "a11y"
        },
        {
          "ancestorTitles": ["Badge"],
          "duration": 1,
          "failureMessages": [],
          "fullName": "Badge should render a span with inner text as Label",
          "location": null,
          "status": "passed",
          "title": "should render a span with inner text as Label"
        },
        {
          "ancestorTitles": ["Badge"],
          "duration": 2,
          "failureMessages": [],
          "fullName": "Badge should change element with as prop",
          "location": null,
          "status": "passed",
          "title": "should change element with as prop"
        }
      ],
      "endTime": 1662586819361,
      "message": "",
      "name": "/Users/mattauer/src/fuel-ui/design-system/react/src/components/Badge/Badge.test.tsx",
      "startTime": 1662586818402,
      "status": "passed",
      "summary": ""
    },
    {
      "assertionResults": [
        {
          "ancestorTitles": ["Accordion"],
          "duration": 228,
          "failureMessages": [],
          "fullName": "Accordion a11y",
          "location": null,
          "status": "passed",
          "title": "a11y"
        }
      ],
      "endTime": 1662586819557,
      "message": "",
      "name": "/Users/mattauer/src/fuel-ui/design-system/react/src/components/Accordion/Accordion.test.tsx",
      "startTime": 1662586817842,
      "status": "passed",
      "summary": ""
    },
    {
      "assertionResults": [
        {
          "ancestorTitles": ["InputPassword"],
          "duration": 96,
          "failureMessages": [],
          "fullName": "InputPassword should toggle between type password and text",
          "location": null,
          "status": "passed",
          "title": "should toggle between type password and text"
        }
      ],
      "endTime": 1662586820532,
      "message": "",
      "name": "/Users/mattauer/src/fuel-ui/design-system/react/src/components/InputPassword/InputPassword.test.tsx",
      "startTime": 1662586818853,
      "status": "passed",
      "summary": ""
    },
    {
      "assertionResults": [
        {
          "ancestorTitles": ["ButtonLink"],
          "duration": 42,
          "failureMessages": [],
          "fullName": "ButtonLink a11y",
          "location": null,
          "status": "passed",
          "title": "a11y"
        },
        {
          "ancestorTitles": ["ButtonLink"],
          "duration": 8,
          "failureMessages": [],
          "fullName": "ButtonLink should render <a> element",
          "location": null,
          "status": "passed",
          "title": "should render <a> element"
        }
      ],
      "endTime": 1662586820592,
      "message": "",
      "name": "/Users/mattauer/src/fuel-ui/design-system/react/src/components/ButtonLink/ButtonLink.test.tsx",
      "startTime": 1662586819374,
      "status": "passed",
      "summary": ""
    },
    {
      "assertionResults": [
        {
          "ancestorTitles": ["AspectRatio"],
          "duration": 51,
          "failureMessages": [],
          "fullName": "AspectRatio a11y",
          "location": null,
          "status": "passed",
          "title": "a11y"
        }
      ],
      "endTime": 1662586820614,
      "message": "",
      "name": "/Users/mattauer/src/fuel-ui/design-system/react/src/components/AspectRatio/AspectRatio.test.tsx",
      "startTime": 1662586819580,
      "status": "passed",
      "summary": ""
    },
    {
      "assertionResults": [
        {
          "ancestorTitles": ["Icon"],
          "duration": 96,
          "failureMessages": [],
          "fullName": "Icon a11y",
          "location": null,
          "status": "passed",
          "title": "a11y"
        },
        {
          "ancestorTitles": ["Icon"],
          "duration": 11,
          "failureMessages": [],
          "fullName": "Icon should render a basic icon component",
          "location": null,
          "status": "passed",
          "title": "should render a basic icon component"
        }
      ],
      "endTime": 1662586820763,
      "message": "",
      "name": "/Users/mattauer/src/fuel-ui/design-system/react/src/components/Icon/Icon.test.tsx",
      "startTime": 1662586819347,
      "status": "passed",
      "summary": ""
    },
    {
      "assertionResults": [
        {
          "ancestorTitles": ["Tabs"],
          "duration": 135,
          "failureMessages": [],
          "fullName": "Tabs a11y",
          "location": null,
          "status": "passed",
          "title": "a11y"
        }
      ],
      "endTime": 1662586820873,
      "message": "",
      "name": "/Users/mattauer/src/fuel-ui/design-system/react/src/components/Tabs/Tabs.test.tsx",
      "startTime": 1662586819322,
      "status": "passed",
      "summary": ""
    },
    {
      "assertionResults": [
        {
          "ancestorTitles": ["Toast"],
          "duration": 176,
          "failureMessages": [],
          "fullName": "Toast should be visible after call toast() function",
          "location": null,
          "status": "passed",
          "title": "should be visible after call toast() function"
        }
      ],
      "endTime": 1662586821089,
      "message": "",
      "name": "/Users/mattauer/src/fuel-ui/design-system/react/src/components/Toast/Toast.test.tsx",
      "startTime": 1662586818674,
      "status": "passed",
      "summary": ""
    },
    {
      "assertionResults": [
        {
          "ancestorTitles": ["Image"],
          "duration": 38,
          "failureMessages": [],
          "fullName": "Image a11y",
          "location": null,
          "status": "passed",
          "title": "a11y"
        }
      ],
      "endTime": 1662586821652,
      "message": "",
      "name": "/Users/mattauer/src/fuel-ui/design-system/react/src/components/Image/Image.test.tsx",
      "startTime": 1662586820780,
      "status": "passed",
      "summary": ""
    },
    {
      "assertionResults": [
        {
          "ancestorTitles": ["Text"],
          "duration": 63,
          "failureMessages": [],
          "fullName": "Text a11y",
          "location": null,
          "status": "passed",
          "title": "a11y"
        },
        {
          "ancestorTitles": ["Text"],
          "duration": 11,
          "failureMessages": [],
          "fullName": "Text should render a basic paragraph",
          "location": null,
          "status": "passed",
          "title": "should render a basic paragraph"
        }
      ],
      "endTime": 1662586821875,
      "message": "",
      "name": "/Users/mattauer/src/fuel-ui/design-system/react/src/components/Text/Text.test.tsx",
      "startTime": 1662586820621,
      "status": "passed",
      "summary": ""
    },
    {
      "assertionResults": [
        {
          "ancestorTitles": ["Checkbox"],
          "duration": 153,
          "failureMessages": [],
          "fullName": "Checkbox a11y",
          "location": null,
          "status": "passed",
          "title": "a11y"
        }
      ],
      "endTime": 1662586821992,
      "message": "",
      "name": "/Users/mattauer/src/fuel-ui/design-system/react/src/components/Checkbox/Checkbox.test.tsx",
      "startTime": 1662586820552,
      "status": "passed",
      "summary": ""
    },
    {
      "assertionResults": [
        {
          "ancestorTitles": ["Drawer"],
          "duration": 190,
          "failureMessages": [],
          "fullName": "Drawer should be able to trigger drawer",
          "location": null,
          "status": "passed",
          "title": "should be able to trigger drawer"
        },
        {
          "ancestorTitles": ["Drawer"],
          "duration": 224,
          "failureMessages": [],
          "fullName": "Drawer should be able to close when click on close",
          "location": null,
          "status": "passed",
          "title": "should be able to close when click on close"
        },
        {
          "ancestorTitles": ["Drawer"],
          "duration": 187,
          "failureMessages": [],
          "fullName": "Drawer should be able to close when click outside overlay",
          "location": null,
          "status": "passed",
          "title": "should be able to close when click outside overlay"
        },
        {
          "ancestorTitles": ["Drawer"],
          "duration": 195,
          "failureMessages": [],
          "fullName": "Drawer should be able to close when click on esc",
          "location": null,
          "status": "passed",
          "title": "should be able to close when click on esc"
        },
        {
          "ancestorTitles": ["Drawer"],
          "duration": 62,
          "failureMessages": [],
          "fullName": "Drawer should be able to render inside a custom container",
          "location": null,
          "status": "passed",
          "title": "should be able to render inside a custom container"
        }
      ],
      "endTime": 1662586821994,
      "message": "",
      "name": "/Users/mattauer/src/fuel-ui/design-system/react/src/components/Drawer/Drawer.test.tsx",
      "startTime": 1662586804138,
      "status": "passed",
      "summary": ""
    },
    {
      "assertionResults": [
        {
          "ancestorTitles": ["ButtonGroup"],
          "duration": 129,
          "failureMessages": [],
          "fullName": "ButtonGroup a11y",
          "location": null,
          "status": "passed",
          "title": "a11y"
        }
      ],
      "endTime": 1662586821975,
      "message": "",
      "name": "/Users/mattauer/src/fuel-ui/design-system/react/src/components/ButtonGroup/ButtonGroup.test.tsx",
      "startTime": 1662586820610,
      "status": "passed",
      "summary": ""
    },
    {
      "assertionResults": [
        {
          "ancestorTitles": ["HelperIcon"],
          "duration": 96,
          "failureMessages": [],
          "fullName": "HelperIcon a11y",
          "location": null,
          "status": "passed",
          "title": "a11y"
        }
      ],
      "endTime": 1662586822265,
      "message": "",
      "name": "/Users/mattauer/src/fuel-ui/design-system/react/src/components/HelperIcon/HelperIcon.test.tsx",
      "startTime": 1662586821102,
      "status": "passed",
      "summary": ""
    },
    {
      "assertionResults": [
        {
          "ancestorTitles": ["Popover"],
          "duration": 76,
          "failureMessages": [],
          "fullName": "Popover a11y",
          "location": null,
          "status": "passed",
          "title": "a11y"
        }
      ],
      "endTime": 1662586822354,
      "message": "",
      "name": "/Users/mattauer/src/fuel-ui/design-system/react/src/components/Popover/Popover.test.tsx",
      "startTime": 1662586820880,
      "status": "passed",
      "summary": ""
    },
    {
      "assertionResults": [
        {
          "ancestorTitles": ["omit()"],
          "duration": 15,
          "failureMessages": [],
          "fullName": "omit() should omit props of an object",
          "location": null,
          "status": "passed",
          "title": "should omit props of an object"
        }
      ],
      "endTime": 1662586822377,
      "message": "",
      "name": "/Users/mattauer/src/fuel-ui/design-system/react/src/utils/helpers.test.ts",
      "startTime": 1662586822012,
      "status": "passed",
      "summary": ""
    },
    {
      "assertionResults": [
        {
          "ancestorTitles": ["Switch"],
          "duration": 67,
          "failureMessages": [],
          "fullName": "Switch a11y",
          "location": null,
          "status": "passed",
          "title": "a11y"
        }
      ],
      "endTime": 1662586822565,
      "message": "",
      "name": "/Users/mattauer/src/fuel-ui/design-system/react/src/components/Switch/Switch.test.tsx",
      "startTime": 1662586821661,
      "status": "passed",
      "summary": ""
    },
    {
      "assertionResults": [
        {
          "ancestorTitles": ["FuelLogo"],
          "duration": 41,
          "failureMessages": [],
          "fullName": "FuelLogo a11y",
          "location": null,
          "status": "passed",
          "title": "a11y"
        }
      ],
      "endTime": 1662586823088,
      "message": "",
      "name": "/Users/mattauer/src/fuel-ui/design-system/react/src/components/FuelLogo/FuelLogo.test.tsx",
      "startTime": 1662586822362,
      "status": "passed",
      "summary": ""
    },
    {
      "assertionResults": [
        {
          "ancestorTitles": ["Card"],
          "duration": 39,
          "failureMessages": [],
          "fullName": "Card a11y",
          "location": null,
          "status": "passed",
          "title": "a11y"
        }
      ],
      "endTime": 1662586823104,
      "message": "",
      "name": "/Users/mattauer/src/fuel-ui/design-system/react/src/components/Card/Card.test.tsx",
      "startTime": 1662586822386,
      "status": "passed",
      "summary": ""
    },
    {
      "assertionResults": [
        {
          "ancestorTitles": ["IconButton"],
          "duration": 95,
          "failureMessages": [],
          "fullName": "IconButton a11y",
          "location": null,
          "status": "passed",
          "title": "a11y"
        }
      ],
      "endTime": 1662586823117,
      "message": "",
      "name": "/Users/mattauer/src/fuel-ui/design-system/react/src/components/IconButton/IconButton.test.tsx",
      "startTime": 1662586821898,
      "status": "passed",
      "summary": ""
    },
    {
      "assertionResults": [
        {
          "ancestorTitles": ["Copyable"],
          "duration": 90,
          "failureMessages": [],
          "fullName": "Copyable a11y",
          "location": null,
          "status": "passed",
          "title": "a11y"
        }
      ],
      "endTime": 1662586823150,
      "message": "",
      "name": "/Users/mattauer/src/fuel-ui/design-system/react/src/components/Copyable/Copyable.test.tsx",
      "startTime": 1662586822001,
      "status": "passed",
      "summary": ""
    },
    {
      "assertionResults": [
        {
          "ancestorTitles": ["Alert"],
          "duration": 75,
          "failureMessages": [],
          "fullName": "Alert a11y",
          "location": null,
          "status": "passed",
          "title": "a11y"
        }
      ],
      "endTime": 1662586823364,
      "message": "",
      "name": "/Users/mattauer/src/fuel-ui/design-system/react/src/components/Alert/Alert.test.tsx",
      "startTime": 1662586822283,
      "status": "passed",
      "summary": ""
    },
    {
      "assertionResults": [
        {
          "ancestorTitles": ["CardList"],
          "duration": 29,
          "failureMessages": [],
          "fullName": "CardList a11y",
          "location": null,
          "status": "passed",
          "title": "a11y"
        }
      ],
      "endTime": 1662586823620,
      "message": "",
      "name": "/Users/mattauer/src/fuel-ui/design-system/react/src/components/CardList/CardList.test.tsx",
      "startTime": 1662586822015,
      "status": "passed",
      "summary": ""
    }
  ],
  "wasInterrupted": false
}
