{"numFailedTestSuites":0,"numFailedTests":0,"numPassedTestSuites":24,"numPassedTests":68,"numPendingTestSuites":0,"numPendingTests":0,"numRuntimeErrorTestSuites":0,"numTodoTests":0,"numTotalTestSuites":24,"numTotalTests":68,"openHandles":[],"snapshot":{"added":0,"didUpdate":false,"failure":false,"filesAdded":0,"filesRemoved":0,"filesRemovedList":[],"filesUnmatched":0,"filesUpdated":0,"matched":0,"total":0,"unchecked":0,"uncheckedKeysByFile":[],"unmatched":0,"updated":0},"startTime":1657244450202,"success":true,"testResults":[{"assertionResults":[{"ancestorTitles":["Tag"],"duration":46,"failureMessages":[],"fullName":"Tag a11y","location":null,"status":"passed","title":"a11y"},{"ancestorTitles":["Tag"],"duration":2,"failureMessages":[],"fullName":"Tag should render a basic tag","location":null,"status":"passed","title":"should render a basic tag"},{"ancestorTitles":["Tag"],"duration":7,"failureMessages":[],"fullName":"Tag should render with an icon on left","location":null,"status":"passed","title":"should render with an icon on left"},{"ancestorTitles":["Tag"],"duration":4,"failureMessages":[],"fullName":"Tag should render with an icon on right","location":null,"status":"passed","title":"should render with an icon on right"},{"ancestorTitles":["Tag"],"duration":6,"failureMessages":[],"fullName":"Tag should render with a close button","location":null,"status":"passed","title":"should render with a close button"},{"ancestorTitles":["Tag"],"duration":7,"failureMessages":[],"fullName":"Tag should not render a right icon if has a close button","location":null,"status":"passed","title":"should not render a right icon if has a close button"},{"ancestorTitles":["Tag"],"duration":87,"failureMessages":[],"fullName":"Tag should focus on button close on tab","location":null,"status":"passed","title":"should focus on button close on tab"}],"endTime":1657244453194,"message":"","name":"/Users/pedronauck/Projects/fuel/fuels-ui/design-system/react/src/components/Tag/Tag.test.tsx","startTime":1657244450697,"status":"passed","summary":""},{"assertionResults":[{"ancestorTitles":["Input"],"duration":72,"failureMessages":[],"fullName":"Input a11y","location":null,"status":"passed","title":"a11y"},{"ancestorTitles":["Input"],"duration":6,"failureMessages":[],"fullName":"Input should render an input field correctly","location":null,"status":"passed","title":"should render an input field correctly"},{"ancestorTitles":["Input"],"duration":9,"failureMessages":[],"fullName":"Input should render addons correctly","location":null,"status":"passed","title":"should render addons correctly"},{"ancestorTitles":["Input"],"duration":5,"failureMessages":[],"fullName":"Input should render invalid input correctly","location":null,"status":"passed","title":"should render invalid input correctly"},{"ancestorTitles":["Input"],"duration":9,"failureMessages":[],"fullName":"Input should render disabled input correctly","location":null,"status":"passed","title":"should render disabled input correctly"},{"ancestorTitles":["Input"],"duration":4,"failureMessages":[],"fullName":"Input should render readonly input correctly","location":null,"status":"passed","title":"should render readonly input correctly"},{"ancestorTitles":["Input"],"duration":10,"failureMessages":[],"fullName":"Input should render elements using element prop","location":null,"status":"passed","title":"should render elements using element prop"},{"ancestorTitles":["Input"],"duration":6,"failureMessages":[],"fullName":"Input should don't call elements if disabled","location":null,"status":"passed","title":"should don't call elements if disabled"},{"ancestorTitles":["Input"],"duration":7,"failureMessages":[],"fullName":"Input should don't call elements if readonly","location":null,"status":"passed","title":"should don't call elements if readonly"},{"ancestorTitles":["Input"],"duration":153,"failureMessages":[],"fullName":"Input should focus correctly when have button inside element","location":null,"status":"passed","title":"should focus correctly when have button inside element"}],"endTime":1657244453261,"message":"","name":"/Users/pedronauck/Projects/fuel/fuels-ui/design-system/react/src/components/Input/Input.test.tsx","startTime":1657244450686,"status":"passed","summary":""},{"assertionResults":[{"ancestorTitles":["Button"],"duration":58,"failureMessages":[],"fullName":"Button a11y","location":null,"status":"passed","title":"a11y"},{"ancestorTitles":["Button"],"duration":85,"failureMessages":[],"fullName":"Button should focus when tab","location":null,"status":"passed","title":"should focus when tab"},{"ancestorTitles":["Button"],"duration":148,"failureMessages":[],"fullName":"Button should click when space","location":null,"status":"passed","title":"should click when space"},{"ancestorTitles":["Button"],"duration":6,"failureMessages":[],"fullName":"Button should render a button element","location":null,"status":"passed","title":"should render a button element"},{"ancestorTitles":["Button"],"duration":7,"failureMessages":[],"fullName":"Button should have right disabled attributes","location":null,"status":"passed","title":"should have right disabled attributes"},{"ancestorTitles":["Button"],"duration":8,"failureMessages":[],"fullName":"Button should render with an icon on left","location":null,"status":"passed","title":"should render with an icon on left"},{"ancestorTitles":["Button"],"duration":6,"failureMessages":[],"fullName":"Button should render with an icon on right","location":null,"status":"passed","title":"should render with an icon on right"}],"endTime":1657244453281,"message":"","name":"/Users/pedronauck/Projects/fuel/fuels-ui/design-system/react/src/components/Button/Button.test.tsx","startTime":1657244450687,"status":"passed","summary":""},{"assertionResults":[{"ancestorTitles":["RadioGroup"],"duration":98,"failureMessages":[],"fullName":"RadioGroup a11y","location":null,"status":"passed","title":"a11y"},{"ancestorTitles":["RadioGroup"],"duration":247,"failureMessages":[],"fullName":"RadioGroup should focus correctly","location":null,"status":"passed","title":"should focus correctly"}],"endTime":1657244453380,"message":"","name":"/Users/pedronauck/Projects/fuel/fuels-ui/design-system/react/src/components/RadioGroup/RadioGroup.test.tsx","startTime":1657244450701,"status":"passed","summary":""},{"assertionResults":[{"ancestorTitles":["Form"],"duration":66,"failureMessages":[],"fullName":"Form a11y","location":null,"status":"passed","title":"a11y"},{"ancestorTitles":["Form"],"duration":7,"failureMessages":[],"fullName":"Form should input have aria-describedby by label first","location":null,"status":"passed","title":"should input have aria-describedby by label first"},{"ancestorTitles":["Form"],"duration":5,"failureMessages":[],"fullName":"Form should input have aria-describedby by helper message if present","location":null,"status":"passed","title":"should input have aria-describedby by helper message if present"},{"ancestorTitles":["Form"],"duration":6,"failureMessages":[],"fullName":"Form should input have aria-describedby by error message if invalid","location":null,"status":"passed","title":"should input have aria-describedby by error message if invalid"},{"ancestorTitles":["Form"],"duration":47,"failureMessages":[],"fullName":"Form should input have props derived from form control state","location":null,"status":"passed","title":"should input have props derived from form control state"},{"ancestorTitles":["Form"],"duration":28,"failureMessages":[],"fullName":"Form should helper text be hidden if invalid","location":null,"status":"passed","title":"should helper text be hidden if invalid"},{"ancestorTitles":["Form"],"duration":3,"failureMessages":[],"fullName":"Form should error message be hidden if not invalid","location":null,"status":"passed","title":"should error message be hidden if not invalid"}],"endTime":1657244453585,"message":"","name":"/Users/pedronauck/Projects/fuel/fuels-ui/design-system/react/src/components/Form/Form.test.tsx","startTime":1657244453210,"status":"passed","summary":""},{"assertionResults":[{"ancestorTitles":["AlertDialog"],"duration":46,"failureMessages":[],"fullName":"AlertDialog a11y","location":null,"status":"passed","title":"a11y"}],"endTime":1657244453668,"message":"","name":"/Users/pedronauck/Projects/fuel/fuels-ui/design-system/react/src/components/AlertDialog/AlertDialog.test.tsx","startTime":1657244453301,"status":"passed","summary":""},{"assertionResults":[{"ancestorTitles":["IconButton"],"duration":61,"failureMessages":[],"fullName":"IconButton a11y","location":null,"status":"passed","title":"a11y"}],"endTime":1657244453746,"message":"","name":"/Users/pedronauck/Projects/fuel/fuels-ui/design-system/react/src/components/IconButton/IconButton.test.tsx","startTime":1657244453401,"status":"passed","summary":""},{"assertionResults":[{"ancestorTitles":["Avatar"],"duration":59,"failureMessages":[],"fullName":"Avatar a11y","location":null,"status":"passed","title":"a11y"},{"ancestorTitles":["Avatar"],"duration":3,"failureMessages":[],"fullName":"Avatar should render the fallback initially with first with letters of name","location":null,"status":"passed","title":"should render the fallback initially with first with letters of name"},{"ancestorTitles":["Avatar"],"duration":4,"failureMessages":[],"fullName":"Avatar should fallback text has just one letter if name is one word","location":null,"status":"passed","title":"should fallback text has just one letter if name is one word"},{"ancestorTitles":["Avatar"],"duration":3,"failureMessages":[],"fullName":"Avatar should not render the image initially","location":null,"status":"passed","title":"should not render the image initially"},{"ancestorTitles":["Avatar"],"duration":112,"failureMessages":[],"fullName":"Avatar should render the image after it has loaded","location":null,"status":"passed","title":"should render the image after it has loaded"},{"ancestorTitles":["Avatar"],"duration":108,"failureMessages":[],"fullName":"Avatar should have alt text on the image","location":null,"status":"passed","title":"should have alt text on the image"}],"endTime":1657244453770,"message":"","name":"/Users/pedronauck/Projects/fuel/fuels-ui/design-system/react/src/components/Avatar/Avatar.test.tsx","startTime":1657244453279,"status":"passed","summary":""},{"assertionResults":[{"ancestorTitles":["Alert"],"duration":59,"failureMessages":[],"fullName":"Alert a11y","location":null,"status":"passed","title":"a11y"}],"endTime":1657244453885,"message":"","name":"/Users/pedronauck/Projects/fuel/fuels-ui/design-system/react/src/components/Alert/Alert.test.tsx","startTime":1657244453602,"status":"passed","summary":""},{"assertionResults":[{"ancestorTitles":["Switch"],"duration":68,"failureMessages":[],"fullName":"Switch a11y","location":null,"status":"passed","title":"a11y"}],"endTime":1657244453888,"message":"","name":"/Users/pedronauck/Projects/fuel/fuels-ui/design-system/react/src/components/Switch/Switch.test.tsx","startTime":1657244450690,"status":"passed","summary":""},{"assertionResults":[{"ancestorTitles":["Tabs"],"duration":70,"failureMessages":[],"fullName":"Tabs a11y","location":null,"status":"passed","title":"a11y"}],"endTime":1657244453992,"message":"","name":"/Users/pedronauck/Projects/fuel/fuels-ui/design-system/react/src/components/Tabs/Tabs.test.tsx","startTime":1657244453675,"status":"passed","summary":""},{"assertionResults":[{"ancestorTitles":["Popover"],"duration":57,"failureMessages":[],"fullName":"Popover a11y","location":null,"status":"passed","title":"a11y"}],"endTime":1657244454085,"message":"","name":"/Users/pedronauck/Projects/fuel/fuels-ui/design-system/react/src/components/Popover/Popover.test.tsx","startTime":1657244453763,"status":"passed","summary":""},{"assertionResults":[{"ancestorTitles":["Link"],"duration":46,"failureMessages":[],"fullName":"Link a11y","location":null,"status":"passed","title":"a11y"},{"ancestorTitles":["Link"],"duration":4,"failureMessages":[],"fullName":"Link should render a basic link component","location":null,"status":"passed","title":"should render a basic link component"},{"ancestorTitles":["Link"],"duration":6,"failureMessages":[],"fullName":"Link should add an external icon when isExternal prop is passed","location":null,"status":"passed","title":"should add an external icon when isExternal prop is passed"}],"endTime":1657244454126,"message":"","name":"/Users/pedronauck/Projects/fuel/fuels-ui/design-system/react/src/components/Link/Link.test.tsx","startTime":1657244453794,"status":"passed","summary":""},{"assertionResults":[{"ancestorTitles":["Dialog"],"duration":38,"failureMessages":[],"fullName":"Dialog a11y","location":null,"status":"passed","title":"a11y"}],"endTime":1657244454217,"message":"","name":"/Users/pedronauck/Projects/fuel/fuels-ui/design-system/react/src/components/Dialog/Dialog.test.tsx","startTime":1657244453901,"status":"passed","summary":""},{"assertionResults":[{"ancestorTitles":["Heading"],"duration":32,"failureMessages":[],"fullName":"Heading a11y","location":null,"status":"passed","title":"a11y"},{"ancestorTitles":["Heading"],"duration":4,"failureMessages":[],"fullName":"Heading should render a heading element","location":null,"status":"passed","title":"should render a heading element"},{"ancestorTitles":["Heading"],"duration":3,"failureMessages":[],"fullName":"Heading should change heading element using as","location":null,"status":"passed","title":"should change heading element using as"}],"endTime":1657244454245,"message":"","name":"/Users/pedronauck/Projects/fuel/fuels-ui/design-system/react/src/components/Heading/Heading.test.tsx","startTime":1657244454007,"status":"passed","summary":""},{"assertionResults":[{"ancestorTitles":["Checkbox"],"duration":92,"failureMessages":[],"fullName":"Checkbox a11y","location":null,"status":"passed","title":"a11y"}],"endTime":1657244454257,"message":"","name":"/Users/pedronauck/Projects/fuel/fuels-ui/design-system/react/src/components/Checkbox/Checkbox.test.tsx","startTime":1657244453912,"status":"passed","summary":""},{"assertionResults":[{"ancestorTitles":["Card"],"duration":43,"failureMessages":[],"fullName":"Card a11y","location":null,"status":"passed","title":"a11y"}],"endTime":1657244454356,"message":"","name":"/Users/pedronauck/Projects/fuel/fuels-ui/design-system/react/src/components/Card/Card.test.tsx","startTime":1657244454092,"status":"passed","summary":""},{"assertionResults":[{"ancestorTitles":["ButtonLink"],"duration":41,"failureMessages":[],"fullName":"ButtonLink a11y","location":null,"status":"passed","title":"a11y"},{"ancestorTitles":["ButtonLink"],"duration":4,"failureMessages":[],"fullName":"ButtonLink should render <a> element","location":null,"status":"passed","title":"should render <a> element"}],"endTime":1657244454409,"message":"","name":"/Users/pedronauck/Projects/fuel/fuels-ui/design-system/react/src/components/ButtonLink/ButtonLink.test.tsx","startTime":1657244454141,"status":"passed","summary":""},{"assertionResults":[{"ancestorTitles":["Text"],"duration":34,"failureMessages":[],"fullName":"Text a11y","location":null,"status":"passed","title":"a11y"},{"ancestorTitles":["Text"],"duration":1,"failureMessages":[],"fullName":"Text should render a basic paragraph","location":null,"status":"passed","title":"should render a basic paragraph"}],"endTime":1657244454479,"message":"","name":"/Users/pedronauck/Projects/fuel/fuels-ui/design-system/react/src/components/Text/Text.test.tsx","startTime":1657244454225,"status":"passed","summary":""},{"assertionResults":[{"ancestorTitles":["Icon"],"duration":39,"failureMessages":[],"fullName":"Icon a11y","location":null,"status":"passed","title":"a11y"},{"ancestorTitles":["Icon"],"duration":3,"failureMessages":[],"fullName":"Icon should render a basic icon component","location":null,"status":"passed","title":"should render a basic icon component"}],"endTime":1657244454505,"message":"","name":"/Users/pedronauck/Projects/fuel/fuels-ui/design-system/react/src/components/Icon/Icon.test.tsx","startTime":1657244454273,"status":"passed","summary":""},{"assertionResults":[{"ancestorTitles":["omit()"],"duration":1,"failureMessages":[],"fullName":"omit() should omit props of an object","location":null,"status":"passed","title":"should omit props of an object"}],"endTime":1657244454527,"message":"","name":"/Users/pedronauck/Projects/fuel/fuels-ui/design-system/react/src/utils/helpers.test.ts","startTime":1657244454485,"status":"passed","summary":""},{"assertionResults":[{"ancestorTitles":["Box"],"duration":34,"failureMessages":[],"fullName":"Box a11y","location":null,"status":"passed","title":"a11y"},{"ancestorTitles":["Box"],"duration":4,"failureMessages":[],"fullName":"Box should render a basic div","location":null,"status":"passed","title":"should render a basic div"},{"ancestorTitles":["Box"],"duration":3,"failureMessages":[],"fullName":"Box should change element with as prop","location":null,"status":"passed","title":"should change element with as prop"}],"endTime":1657244454527,"message":"","name":"/Users/pedronauck/Projects/fuel/fuels-ui/design-system/react/src/components/Box/Box.test.tsx","startTime":1657244454291,"status":"passed","summary":""},{"assertionResults":[{"ancestorTitles":["Badge"],"duration":29,"failureMessages":[],"fullName":"Badge a11y","location":null,"status":"passed","title":"a11y"},{"ancestorTitles":["Badge"],"duration":2,"failureMessages":[],"fullName":"Badge should render a span with inner text as Label","location":null,"status":"passed","title":"should render a span with inner text as Label"},{"ancestorTitles":["Badge"],"duration":1,"failureMessages":[],"fullName":"Badge should change element with as prop","location":null,"status":"passed","title":"should change element with as prop"}],"endTime":1657244454564,"message":"","name":"/Users/pedronauck/Projects/fuel/fuels-ui/design-system/react/src/components/Badge/Badge.test.tsx","startTime":1657244454363,"status":"passed","summary":""},{"assertionResults":[{"ancestorTitles":["AspectRatio"],"duration":26,"failureMessages":[],"fullName":"AspectRatio a11y","location":null,"status":"passed","title":"a11y"}],"endTime":1657244454613,"message":"","name":"/Users/pedronauck/Projects/fuel/fuels-ui/design-system/react/src/components/AspectRatio/AspectRatio.test.tsx","startTime":1657244454416,"status":"passed","summary":""}],"wasInterrupted":false}